<?xml version="1.0" encoding="UTF-8"?>
<!-- Generated by org.testng.reporters.JUnitXMLReporter -->
<testsuite ignored="1" hostname="DESKTOP-OEGTNK5" failures="1" tests="2" name="Facebook" time="4.101" errors="0" timestamp="2022-08-17T22:11:41 IST">
  <testcase classname="com.test.hyr.Orangedemo" name="OpenUrl" time="4.043"/>
  <testcase classname="com.test.hyr.Orangedemo" name="Loginapp" time="0.009">
    <failure type="java.lang.NullPointerException">
      <![CDATA[java.lang.NullPointerException
at com.test.hyr.Orangedemo.Loginapp(Orangedemo.java:32)
at java.base/java.util.ArrayList.forEach(ArrayList.java:1507)
... Removed 27 stack frames]]>
    </failure>
  </testcase> <!-- Loginapp -->
  <testcase classname="com.test.hyr.Orangedemo" name="Logout" time="0.0">
    <ignored/>
  </testcase> <!-- Logout -->
</testsuite> <!-- Facebook -->
