<?xml version="1.0" encoding="UTF-8"?>
<!-- Generated by org.testng.reporters.JUnitXMLReporter -->
<testsuite ignored="0" hostname="DESKTOP-OEGTNK5" failures="2" tests="3" name="Openurl" time="3.556" errors="0" timestamp="2022-08-17T22:02:49 IST">
  <testcase classname="com.test.hyr.Orangedemo" name="OpenUrl" time="3.504"/>
  <testcase classname="com.test.hyr.Orangedemo" name="Loginapp" time="0.006">
    <failure type="java.lang.NullPointerException">
      <![CDATA[java.lang.NullPointerException
at com.test.hyr.Orangedemo.Loginapp(Orangedemo.java:31)
at java.base/java.util.ArrayList.forEach(ArrayList.java:1507)
... Removed 27 stack frames]]>
    </failure>
  </testcase> <!-- Loginapp -->
  <testcase classname="com.test.hyr.Orangedemo" name="Logout" time="0.002">
    <failure type="java.lang.NullPointerException">
      <![CDATA[java.lang.NullPointerException
at com.test.hyr.Orangedemo.Logout(Orangedemo.java:48)
at java.base/java.util.ArrayList.forEach(ArrayList.java:1507)
... Removed 27 stack frames]]>
    </failure>
  </testcase> <!-- Logout -->
</testsuite> <!-- Openurl -->
