<?xml version="1.0" encoding="UTF-8"?>
<testng-results ignored="0" total="1" passed="1" failed="0" skipped="0">
  <reporter-output>
  </reporter-output>
  <suite started-at="2021-02-08T15:08:29 IST" name="Default suite" finished-at="2021-02-08T15:08:53 IST" duration-ms="24202">
    <groups>
    </groups>
    <test started-at="2021-02-08T15:08:29 IST" name="Default test" finished-at="2021-02-08T15:08:53 IST" duration-ms="24202">
      <class name="DriverFactory.AppTest">
        <test-method signature="kickstart()[pri:0, instance:DriverFactory.AppTest@294425a7]" started-at="2021-02-08T15:08:29 IST" name="kickstart" finished-at="2021-02-08T15:08:53 IST" duration-ms="24168" status="PASS">
          <reporter-output>
          </reporter-output>
        </test-method> <!-- kickstart -->
      </class> <!-- DriverFactory.AppTest -->
    </test> <!-- Default test -->
  </suite> <!-- Default suite -->
</testng-results>
